<?xml version="1.0" encoding="UTF-8"?>
<!-- Generated by org.testng.reporters.JUnitReportReporter -->
<testsuite hostname="DESKTOP-I830D73" failures="0" tests="1" name="com.qa.testscript.TC_Flipkart_01" time="14.655" errors="0" timestamp="2021-05-05T10:20:54 IST" skipped="0">
  <testcase classname="com.qa.testscript.TC_Flipkart_01" name="FlipkartShopping" time="14.655"/>
  <system-out/>
</testsuite> <!-- com.qa.testscript.TC_Flipkart_01 -->
